# JRE version: Java(TM) SE Runtime Environment (8.0_144-b01) (build 1.8.0_144-b01)
# Java VM: Java HotSpot(TM) 64-Bit Server VM (25.144-b01 mixed mode windows-amd64 compressed oops)
Heap:
 PSYoungGen      total 166912K, used 103328K [0x0000000780780000, 0x000000078e700000, 0x00000007c0000000)
  eden space 142848K, 72% used [0x0000000780780000,0x0000000786c68388,0x0000000789300000)
  from space 24064K, 0% used [0x0000000789300000,0x0000000789300000,0x000000078aa80000)
  to   space 28672K, 0% used [0x000000078cb00000,0x000000078cb00000,0x000000078e700000)
 ParOldGen       total 102912K, used 41939K [0x0000000701600000, 0x0000000707a80000, 0x0000000780780000)
  object space 102912K, 40% used [0x0000000701600000,0x0000000703ef4f40,0x0000000707a80000)
 Metaspace       used 32141K, capacity 33156K, committed 35672K, reserved 1081344K
  class space    used 3687K, capacity 4023K, committed 4352K, reserved 1048576K
GC Heap History (10 events):
Event: 18.077 GC heap before
{Heap before GC invocations=9 (full 1):
 PSYoungGen      total 106496K, used 104466K [0x0000000780780000, 0x000000078a600000, 0x00000007c0000000)
  eden space 90112K, 100% used [0x0000000780780000,0x0000000785f80000,0x0000000785f80000)
  from space 16384K, 87% used [0x0000000785f80000,0x0000000786d84918,0x0000000786f80000)
  to   space 17408K, 0% used [0x0000000789500000,0x0000000789500000,0x000000078a600000)
 ParOldGen       total 102912K, used 18168K [0x0000000701600000, 0x0000000707a80000, 0x0000000780780000)
  object space 102912K, 17% used [0x0000000701600000,0x00000007027be2f8,0x0000000707a80000)
 Metaspace       used 26935K, capacity 27626K, committed 27904K, reserved 1073152K
  class space    used 3109K, capacity 3239K, committed 3328K, reserved 1048576K
Event: 18.100 GC heap after
Heap after GC invocations=9 (full 1):
 PSYoungGen      total 139776K, used 15842K [0x0000000780780000, 0x000000078a500000, 0x00000007c0000000)
  eden space 123392K, 0% used [0x0000000780780000,0x0000000780780000,0x0000000788000000)
  from space 16384K, 96% used [0x0000000789500000,0x000000078a478890,0x000000078a500000)
  to   space 18944K, 0% used [0x0000000788000000,0x0000000788000000,0x0000000789280000)
 ParOldGen       total 102912K, used 18176K [0x0000000701600000, 0x0000000707a80000, 0x0000000780780000)
  object space 102912K, 17% used [0x0000000701600000,0x00000007027c02f8,0x0000000707a80000)
 Metaspace       used 26935K, capacity 27626K, committed 27904K, reserved 1073152K
  class space    used 3109K, capacity 3239K, committed 3328K, reserved 1048576K
}
Event: 22.655 GC heap before
{Heap before GC invocations=10 (full 1):
 PSYoungGen      total 139776K, used 139198K [0x0000000780780000, 0x000000078a500000, 0x00000007c0000000)
  eden space 123392K, 99% used [0x0000000780780000,0x0000000787ff7160,0x0000000788000000)
  from space 16384K, 96% used [0x0000000789500000,0x000000078a478890,0x000000078a500000)
  to   space 18944K, 0% used [0x0000000788000000,0x0000000788000000,0x0000000789280000)
 ParOldGen       total 102912K, used 18176K [0x0000000701600000, 0x0000000707a80000, 0x0000000780780000)
  object space 102912K, 17% used [0x0000000701600000,0x00000007027c02f8,0x0000000707a80000)
 Metaspace       used 28281K, capacity 29016K, committed 29312K, reserved 1075200K
  class space    used 3217K, capacity 3339K, committed 3456K, reserved 1048576K
Event: 22.682 GC heap after
Heap after GC invocations=10 (full 1):
 PSYoungGen      total 142336K, used 13161K [0x0000000780780000, 0x000000078bd00000, 0x00000007c0000000)
  eden space 123392K, 0% used [0x0000000780780000,0x0000000780780000,0x0000000788000000)
  from space 18944K, 69% used [0x0000000788000000,0x0000000788cda7b8,0x0000000789280000)
  to   space 18944K, 0% used [0x000000078aa80000,0x000000078aa80000,0x000000078bd00000)
 ParOldGen       total 102912K, used 18184K [0x0000000701600000, 0x0000000707a80000, 0x0000000780780000)
  object space 102912K, 17% used [0x0000000701600000,0x00000007027c22f8,0x0000000707a80000)
 Metaspace       used 28281K, capacity 29016K, committed 29312K, reserved 1075200K
  class space    used 3217K, capacity 3339K, committed 3456K, reserved 1048576K
}
Event: 28.632 GC heap before
{Heap before GC invocations=11 (full 1):
 PSYoungGen      total 142336K, used 136553K [0x0000000780780000, 0x000000078bd00000, 0x00000007c0000000)
  eden space 123392K, 100% used [0x0000000780780000,0x0000000788000000,0x0000000788000000)
  from space 18944K, 69% used [0x0000000788000000,0x0000000788cda7b8,0x0000000789280000)
  to   space 18944K, 0% used [0x000000078aa80000,0x000000078aa80000,0x000000078bd00000)
 ParOldGen       total 102912K, used 18184K [0x0000000701600000, 0x0000000707a80000, 0x0000000780780000)
  object space 102912K, 17% used [0x0000000701600000,0x00000007027c22f8,0x0000000707a80000)
 Metaspace       used 29956K, capacity 30756K, committed 30976K, reserved 1077248K
  class space    used 3405K, capacity 3578K, committed 3584K, reserved 1048576K
Event: 28.675 GC heap after
Heap after GC invocations=11 (full 1):
 PSYoungGen      total 161792K, used 18942K [0x0000000780780000, 0x000000078c500000, 0x00000007c0000000)
  eden space 142848K, 0% used [0x0000000780780000,0x0000000780780000,0x0000000789300000)
  from space 18944K, 99% used [0x000000078aa80000,0x000000078bcff9a0,0x000000078bd00000)
  to   space 24064K, 0% used [0x0000000789300000,0x0000000789300000,0x000000078aa80000)
 ParOldGen       total 102912K, used 27134K [0x0000000701600000, 0x0000000707a80000, 0x0000000780780000)
  object space 102912K, 26% used [0x0000000701600000,0x000000070307fac8,0x0000000707a80000)
 Metaspace       used 29956K, capacity 30756K, committed 30976K, reserved 1077248K
  class space    used 3405K, capacity 3578K, committed 3584K, reserved 1048576K
}
Event: 33.350 GC heap before
{Heap before GC invocations=12 (full 1):
 PSYoungGen      total 161792K, used 140379K [0x0000000780780000, 0x000000078c500000, 0x00000007c0000000)
  eden space 142848K, 85% used [0x0000000780780000,0x0000000787e17518,0x0000000789300000)
  from space 18944K, 99% used [0x000000078aa80000,0x000000078bcff9a0,0x000000078bd00000)
  to   space 24064K, 0% used [0x0000000789300000,0x0000000789300000,0x000000078aa80000)
 ParOldGen       total 102912K, used 27134K [0x0000000701600000, 0x0000000707a80000, 0x0000000780780000)
  object space 102912K, 26% used [0x0000000701600000,0x000000070307fac8,0x0000000707a80000)
 Metaspace       used 34314K, capacity 35318K, committed 35416K, reserved 1081344K
  class space    used 3936K, capacity 4282K, committed 4352K, reserved 1048576K
Event: 33.432 GC heap after
Heap after GC invocations=12 (full 1):
 PSYoungGen      total 166912K, used 24036K [0x0000000780780000, 0x000000078e700000, 0x00000007c0000000)
  eden space 142848K, 0% used [0x0000000780780000,0x0000000780780000,0x0000000789300000)
  from space 24064K, 99% used [0x0000000789300000,0x000000078aa79010,0x000000078aa80000)
  to   space 28672K, 0% used [0x000000078cb00000,0x000000078cb00000,0x000000078e700000)
 ParOldGen       total 102912K, used 31557K [0x0000000701600000, 0x0000000707a80000, 0x0000000780780000)
  object space 102912K, 30% used [0x0000000701600000,0x00000007034d14d0,0x0000000707a80000)
 Metaspace       used 34314K, capacity 35318K, committed 35416K, reserved 1081344K
  class space    used 3936K, capacity 4282K, committed 4352K, reserved 1048576K
}
Event: 33.432 GC heap before
{Heap before GC invocations=13 (full 2):
 PSYoungGen      total 166912K, used 24036K [0x0000000780780000, 0x000000078e700000, 0x00000007c0000000)
  eden space 142848K, 0% used [0x0000000780780000,0x0000000780780000,0x0000000789300000)
  from space 24064K, 99% used [0x0000000789300000,0x000000078aa79010,0x000000078aa80000)
  to   space 28672K, 0% used [0x000000078cb00000,0x000000078cb00000,0x000000078e700000)
 ParOldGen       total 102912K, used 31557K [0x0000000701600000, 0x0000000707a80000, 0x0000000780780000)
  object space 102912K, 30% used [0x0000000701600000,0x00000007034d14d0,0x0000000707a80000)
 Metaspace       used 34314K, capacity 35318K, committed 35416K, reserved 1081344K
  class space    used 3936K, capacity 4282K, committed 4352K, reserved 1048576K
Event: 33.861 GC heap after
Heap after GC invocations=13 (full 2):
 PSYoungGen      total 166912K, used 0K [0x0000000780780000, 0x000000078e700000, 0x00000007c0000000)
  eden space 142848K, 0% used [0x0000000780780000,0x0000000780780000,0x0000000789300000)
  from space 24064K, 0% used [0x0000000789300000,0x0000000789300000,0x000000078aa80000)
  to   space 28672K, 0% used [0x000000078cb00000,0x000000078cb00000,0x000000078e700000)
 ParOldGen       total 102912K, used 41939K [0x0000000701600000, 0x0000000707a80000, 0x0000000780780000)
  object space 102912K, 40% used [0x0000000701600000,0x0000000703ef4f40,0x0000000707a80000)
 Metaspace       used 31105K, capacity 31960K, committed 35416K, reserved 1081344K
  class space    used 3556K, capacity 3867K, committed 4352K, reserved 1048576K
}

