# JRE version: Java(TM) SE Runtime Environment (8.0_144-b01) (build 1.8.0_144-b01)
# Java VM: Java HotSpot(TM) 64-Bit Server VM (25.144-b01 mixed mode windows-amd64 compressed oops)
Heap:
 PSYoungGen      total 57344K, used 39323K [0x0000000780780000, 0x0000000788280000, 0x00000007c0000000)
  eden space 49152K, 63% used [0x0000000780780000,0x00000007825eae40,0x0000000783780000)
  from space 8192K, 99% used [0x0000000783780000,0x0000000783f7c030,0x0000000783f80000)
  to   space 13824K, 0% used [0x0000000787500000,0x0000000787500000,0x0000000788280000)
 ParOldGen       total 131072K, used 9736K [0x0000000701600000, 0x0000000709600000, 0x0000000780780000)
  object space 131072K, 7% used [0x0000000701600000,0x0000000701f82308,0x0000000709600000)
 Metaspace       used 18836K, capacity 19334K, committed 19456K, reserved 1067008K
  class space    used 2175K, capacity 2260K, committed 2304K, reserved 1048576K
GC Heap History (10 events):
Event: 2.242 GC heap before
{Heap before GC invocations=1 (full 0):
 PSYoungGen      total 57344K, used 49152K [0x0000000780780000, 0x0000000784780000, 0x00000007c0000000)
  eden space 49152K, 100% used [0x0000000780780000,0x0000000783780000,0x0000000783780000)
  from space 8192K, 0% used [0x0000000783f80000,0x0000000783f80000,0x0000000784780000)
  to   space 8192K, 0% used [0x0000000783780000,0x0000000783780000,0x0000000783f80000)
 ParOldGen       total 131072K, used 0K [0x0000000701600000, 0x0000000709600000, 0x0000000780780000)
  object space 131072K, 0% used [0x0000000701600000,0x0000000701600000,0x0000000709600000)
 Metaspace       used 9352K, capacity 9550K, committed 9728K, reserved 1058816K
  class space    used 1126K, capacity 1184K, committed 1280K, reserved 1048576K
Event: 2.252 GC heap after
Heap after GC invocations=1 (full 0):
 PSYoungGen      total 57344K, used 6857K [0x0000000780780000, 0x0000000784780000, 0x00000007c0000000)
  eden space 49152K, 0% used [0x0000000780780000,0x0000000780780000,0x0000000783780000)
  from space 8192K, 83% used [0x0000000783780000,0x0000000783e32598,0x0000000783f80000)
  to   space 8192K, 0% used [0x0000000783f80000,0x0000000783f80000,0x0000000784780000)
 ParOldGen       total 131072K, used 16K [0x0000000701600000, 0x0000000709600000, 0x0000000780780000)
  object space 131072K, 0% used [0x0000000701600000,0x0000000701604000,0x0000000709600000)
 Metaspace       used 9352K, capacity 9550K, committed 9728K, reserved 1058816K
  class space    used 1126K, capacity 1184K, committed 1280K, reserved 1048576K
}
Event: 3.719 GC heap before
{Heap before GC invocations=2 (full 0):
 PSYoungGen      total 57344K, used 56009K [0x0000000780780000, 0x0000000784780000, 0x00000007c0000000)
  eden space 49152K, 100% used [0x0000000780780000,0x0000000783780000,0x0000000783780000)
  from space 8192K, 83% used [0x0000000783780000,0x0000000783e32598,0x0000000783f80000)
  to   space 8192K, 0% used [0x0000000783f80000,0x0000000783f80000,0x0000000784780000)
 ParOldGen       total 131072K, used 16K [0x0000000701600000, 0x0000000709600000, 0x0000000780780000)
  object space 131072K, 0% used [0x0000000701600000,0x0000000701604000,0x0000000709600000)
 Metaspace       used 14313K, capacity 14618K, committed 14720K, reserved 1062912K
  class space    used 1785K, capacity 1878K, committed 1920K, reserved 1048576K
Event: 3.732 GC heap after
Heap after GC invocations=2 (full 0):
 PSYoungGen      total 57344K, used 8166K [0x0000000780780000, 0x0000000784780000, 0x00000007c0000000)
  eden space 49152K, 0% used [0x0000000780780000,0x0000000780780000,0x0000000783780000)
  from space 8192K, 99% used [0x0000000783f80000,0x0000000784779ba0,0x0000000784780000)
  to   space 8192K, 0% used [0x0000000783780000,0x0000000783780000,0x0000000783f80000)
 ParOldGen       total 131072K, used 601K [0x0000000701600000, 0x0000000709600000, 0x0000000780780000)
  object space 131072K, 0% used [0x0000000701600000,0x0000000701696548,0x0000000709600000)
 Metaspace       used 14313K, capacity 14618K, committed 14720K, reserved 1062912K
  class space    used 1785K, capacity 1878K, committed 1920K, reserved 1048576K
}
Event: 5.212 GC heap before
{Heap before GC invocations=3 (full 0):
 PSYoungGen      total 57344K, used 57318K [0x0000000780780000, 0x0000000784780000, 0x00000007c0000000)
  eden space 49152K, 100% used [0x0000000780780000,0x0000000783780000,0x0000000783780000)
  from space 8192K, 99% used [0x0000000783f80000,0x0000000784779ba0,0x0000000784780000)
  to   space 8192K, 0% used [0x0000000783780000,0x0000000783780000,0x0000000783f80000)
 ParOldGen       total 131072K, used 601K [0x0000000701600000, 0x0000000709600000, 0x0000000780780000)
  object space 131072K, 0% used [0x0000000701600000,0x0000000701696548,0x0000000709600000)
 Metaspace       used 16004K, capacity 16388K, committed 16640K, reserved 1064960K
  class space    used 1909K, capacity 2013K, committed 2048K, reserved 1048576K
Event: 5.231 GC heap after
Heap after GC invocations=3 (full 0):
 PSYoungGen      total 57344K, used 8176K [0x0000000780780000, 0x0000000784780000, 0x00000007c0000000)
  eden space 49152K, 0% used [0x0000000780780000,0x0000000780780000,0x0000000783780000)
  from space 8192K, 99% used [0x0000000783780000,0x0000000783f7c030,0x0000000783f80000)
  to   space 8192K, 0% used [0x0000000783f80000,0x0000000783f80000,0x0000000784780000)
 ParOldGen       total 131072K, used 3025K [0x0000000701600000, 0x0000000709600000, 0x0000000780780000)
  object space 131072K, 2% used [0x0000000701600000,0x00000007018f4438,0x0000000709600000)
 Metaspace       used 16004K, capacity 16388K, committed 16640K, reserved 1064960K
  class space    used 1909K, capacity 2013K, committed 2048K, reserved 1048576K
}
Event: 6.493 GC heap before
{Heap before GC invocations=4 (full 0):
 PSYoungGen      total 57344K, used 57328K [0x0000000780780000, 0x0000000784780000, 0x00000007c0000000)
  eden space 49152K, 100% used [0x0000000780780000,0x0000000783780000,0x0000000783780000)
  from space 8192K, 99% used [0x0000000783780000,0x0000000783f7c030,0x0000000783f80000)
  to   space 8192K, 0% used [0x0000000783f80000,0x0000000783f80000,0x0000000784780000)
 ParOldGen       total 131072K, used 3025K [0x0000000701600000, 0x0000000709600000, 0x0000000780780000)
  object space 131072K, 2% used [0x0000000701600000,0x00000007018f4438,0x0000000709600000)
 Metaspace       used 16546K, capacity 16940K, committed 17152K, reserved 1064960K
  class space    used 1927K, capacity 2019K, committed 2048K, reserved 1048576K
Event: 6.576 GC heap after
Heap after GC invocations=4 (full 0):
 PSYoungGen      total 57344K, used 8176K [0x0000000780780000, 0x0000000787780000, 0x00000007c0000000)
  eden space 49152K, 0% used [0x0000000780780000,0x0000000780780000,0x0000000783780000)
  from space 8192K, 99% used [0x0000000783f80000,0x000000078477c050,0x0000000784780000)
  to   space 8192K, 0% used [0x0000000783780000,0x0000000783780000,0x0000000783f80000)
 ParOldGen       total 131072K, used 6852K [0x0000000701600000, 0x0000000709600000, 0x0000000780780000)
  object space 131072K, 5% used [0x0000000701600000,0x0000000701cb1250,0x0000000709600000)
 Metaspace       used 16546K, capacity 16940K, committed 17152K, reserved 1064960K
  class space    used 1927K, capacity 2019K, committed 2048K, reserved 1048576K
}
Event: 8.325 GC heap before
{Heap before GC invocations=5 (full 0):
 PSYoungGen      total 57344K, used 57328K [0x0000000780780000, 0x0000000787780000, 0x00000007c0000000)
  eden space 49152K, 100% used [0x0000000780780000,0x0000000783780000,0x0000000783780000)
  from space 8192K, 99% used [0x0000000783f80000,0x000000078477c050,0x0000000784780000)
  to   space 8192K, 0% used [0x0000000783780000,0x0000000783780000,0x0000000783f80000)
 ParOldGen       total 131072K, used 6852K [0x0000000701600000, 0x0000000709600000, 0x0000000780780000)
  object space 131072K, 5% used [0x0000000701600000,0x0000000701cb1250,0x0000000709600000)
 Metaspace       used 17949K, capacity 18378K, committed 18560K, reserved 1064960K
  class space    used 2057K, capacity 2156K, committed 2176K, reserved 1048576K
Event: 8.350 GC heap after
Heap after GC invocations=5 (full 0):
 PSYoungGen      total 57344K, used 8176K [0x0000000780780000, 0x0000000788280000, 0x00000007c0000000)
  eden space 49152K, 0% used [0x0000000780780000,0x0000000780780000,0x0000000783780000)
  from space 8192K, 99% used [0x0000000783780000,0x0000000783f7c030,0x0000000783f80000)
  to   space 13824K, 0% used [0x0000000787500000,0x0000000787500000,0x0000000788280000)
 ParOldGen       total 131072K, used 9736K [0x0000000701600000, 0x0000000709600000, 0x0000000780780000)
  object space 131072K, 7% used [0x0000000701600000,0x0000000701f82308,0x0000000709600000)
 Metaspace       used 17949K, capacity 18378K, committed 18560K, reserved 1064960K
  class space    used 2057K, capacity 2156K, committed 2176K, reserved 1048576K
}

